
> vidmaxx@0.1.0 lint
> eslint


C:\Users\jhaga\OneDrive\Desktop\Final-Project\vidmaxx\actions\connections.ts
   48:19  error  Unexpected any. Specify a different type  @typescript-eslint/no-explicit-any
   81:19  error  Unexpected any. Specify a different type  @typescript-eslint/no-explicit-any
  107:19  error  Unexpected any. Specify a different type  @typescript-eslint/no-explicit-any
  184:30  error  Unexpected any. Specify a different type  @typescript-eslint/no-explicit-any
  190:19  error  Unexpected any. Specify a different type  @typescript-eslint/no-explicit-any

C:\Users\jhaga\OneDrive\Desktop\Final-Project\vidmaxx\actions\series.ts
    8:47  error  Unexpected any. Specify a different type              @typescript-eslint/no-explicit-any
   22:25  error  'userData' is never reassigned. Use 'const' instead   prefer-const
   22:42  error  'userError' is never reassigned. Use 'const' instead  prefer-const
   62:13  error  'userPlan' is never reassigned. Use 'const' instead   prefer-const
  105:19  error  Unexpected any. Specify a different type              @typescript-eslint/no-explicit-any
  133:19  error  Unexpected any. Specify a different type              @typescript-eslint/no-explicit-any
  160:19  error  Unexpected any. Specify a different type              @typescript-eslint/no-explicit-any
  189:19  error  Unexpected any. Specify a different type              @typescript-eslint/no-explicit-any
  217:19  error  Unexpected any. Specify a different type              @typescript-eslint/no-explicit-any
  223:54  error  Unexpected any. Specify a different type              @typescript-eslint/no-explicit-any
  257:19  error  Unexpected any. Specify a different type              @typescript-eslint/no-explicit-any
  290:13  error  'userPlan' is never reassigned. Use 'const' instead   prefer-const
  299:54  error  Unexpected any. Specify a different type              @typescript-eslint/no-explicit-any
  342:19  error  Unexpected any. Specify a different type              @typescript-eslint/no-explicit-any
  419:54  error  Unexpected any. Specify a different type              @typescript-eslint/no-explicit-any
  461:19  error  Unexpected any. Specify a different type              @typescript-eslint/no-explicit-any
  493:38  error  Unexpected any. Specify a different type              @typescript-eslint/no-explicit-any
  495:44  error  Unexpected any. Specify a different type              @typescript-eslint/no-explicit-any
  496:44  error  Unexpected any. Specify a different type              @typescript-eslint/no-explicit-any
  512:46  error  Unexpected any. Specify a different type              @typescript-eslint/no-explicit-any
  513:45  error  Unexpected any. Specify a different type              @typescript-eslint/no-explicit-any
  514:42  error  Unexpected any. Specify a different type              @typescript-eslint/no-explicit-any
  529:19  error  Unexpected any. Specify a different type              @typescript-eslint/no-explicit-any

C:\Users\jhaga\OneDrive\Desktop\Final-Project\vidmaxx\actions\video.ts
   68:19  error  Unexpected any. Specify a different type  @typescript-eslint/no-explicit-any
  118:19  error  Unexpected any. Specify a different type  @typescript-eslint/no-explicit-any

C:\Users\jhaga\OneDrive\Desktop\Final-Project\vidmaxx\app\_components\LandingNavbar.tsx
  5:25  warning  'ArrowRight' is defined but never used  @typescript-eslint/no-unused-vars

C:\Users\jhaga\OneDrive\Desktop\Final-Project\vidmaxx\app\api\auth\instagram\callback\route.ts
   60:55  error  Unexpected any. Specify a different type  @typescript-eslint/no-explicit-any
  122:19  error  Unexpected any. Specify a different type  @typescript-eslint/no-explicit-any

C:\Users\jhaga\OneDrive\Desktop\Final-Project\vidmaxx\app\api\auth\instagram\route.ts
  3:27  warning  'req' is defined but never used  @typescript-eslint/no-unused-vars

C:\Users\jhaga\OneDrive\Desktop\Final-Project\vidmaxx\app\api\auth\tiktok\route.ts
  3:27  warning  'req' is defined but never used  @typescript-eslint/no-unused-vars

C:\Users\jhaga\OneDrive\Desktop\Final-Project\vidmaxx\app\api\auth\youtube\callback\route.ts
  100:19  error  Unexpected any. Specify a different type  @typescript-eslint/no-explicit-any

C:\Users\jhaga\OneDrive\Desktop\Final-Project\vidmaxx\app\api\auth\youtube\route.ts
  4:27  warning  'req' is defined but never used  @typescript-eslint/no-unused-vars

C:\Users\jhaga\OneDrive\Desktop\Final-Project\vidmaxx\app\api\execute-workflow\route.ts
   73:54  error  Unexpected any. Specify a different type  @typescript-eslint/no-explicit-any
  117:19  error  Unexpected any. Specify a different type  @typescript-eslint/no-explicit-any

C:\Users\jhaga\OneDrive\Desktop\Final-Project\vidmaxx\app\api\razorpay\verify\route.ts
  41:13  error  'expiresAt' is never reassigned. Use 'const' instead  prefer-const

C:\Users\jhaga\OneDrive\Desktop\Final-Project\vidmaxx\app\api\user\get-plan\route.ts
  5:27  warning  'req' is defined but never used  @typescript-eslint/no-unused-vars

C:\Users\jhaga\OneDrive\Desktop\Final-Project\vidmaxx\app\dashboard\_components\DashboardStats.tsx
   10:5  warning  'Loader2' is defined but never used                                                                                                                                                                                                                                                                                                                                                                                                                                                                                                                                                                                                                                                                                                                                                                                                                                                                                                                                                                                                                                  @typescript-eslint/no-unused-vars
   12:5  warning  'PauseCircle' is defined but never used                                                                                                                                                                                                                                                                                                                                                                                                                                                                                                                                                                                                                                                                                                                                                                                                                                                                                                                                                                                                                              @typescript-eslint/no-unused-vars
   13:5  warning  'XCircle' is defined but never used                                                                                                                                                                                                                                                                                                                                                                                                                                                                                                                                                                                                                                                                                                                                                                                                                                                                                                                                                                                                                                  @typescript-eslint/no-unused-vars
   26:7  warning  'DEFAULT_STATS' is assigned a value but never used                                                                                                                                                                                                                                                                                                                                                                                                                                                                                                                                                                                                                                                                                                                                                                                                                                                                                                                                                                                                                   @typescript-eslint/no-unused-vars
  110:9  error    Error: Calling setState synchronously within an effect can trigger cascading renders

Effects are intended to synchronize state between React and external systems such as manually updating the DOM, state management libraries, or other platform APIs. In general, the body of an effect should do one or both of the following:
* Update external systems with the latest state from React.
* Subscribe for updates from some external system, calling setState in a callback function when external state changes.

Calling setState synchronously within an effect body causes cascading renders that can hurt performance, and is not recommended. (https://react.dev/learn/you-might-not-need-an-effect).

C:\Users\jhaga\OneDrive\Desktop\Final-Project\vidmaxx\app\dashboard\_components\DashboardStats.tsx:110:9
  108 |
  109 |     useEffect(() => {
> 110 |         setMounted(true);
      |         ^^^^^^^^^^ Avoid calling setState() directly within an effect
  111 |     }, []);
  112 |
  113 |     const refresh = useCallback(async () => {  react-hooks/set-state-in-effect

C:\Users\jhaga\OneDrive\Desktop\Final-Project\vidmaxx\app\dashboard\_components\SeriesGrid.tsx
  10:66  error    Unexpected any. Specify a different type  @typescript-eslint/no-explicit-any
  65:23  error    Unexpected any. Specify a different type  @typescript-eslint/no-explicit-any
  72:42  error    Unexpected any. Specify a different type  @typescript-eslint/no-explicit-any
  80:43  warning  'id' is defined but never used            @typescript-eslint/no-unused-vars

C:\Users\jhaga\OneDrive\Desktop\Final-Project\vidmaxx\app\dashboard\billing\_components\PricingCards.tsx
   90:58  error  Unexpected any. Specify a different type                         @typescript-eslint/no-explicit-any
  125:38  error  Unexpected any. Specify a different type                         @typescript-eslint/no-explicit-any
  155:40  error  Unexpected any. Specify a different type                         @typescript-eslint/no-explicit-any
  157:58  error  Unexpected any. Specify a different type                         @typescript-eslint/no-explicit-any
  163:25  error  Unexpected any. Specify a different type                         @typescript-eslint/no-explicit-any
  292:36  error  `'` can be escaped with `&apos;`, `&lsquo;`, `&#39;`, `&rsquo;`  react/no-unescaped-entities

C:\Users\jhaga\OneDrive\Desktop\Final-Project\vidmaxx\app\dashboard\billing\page.tsx
  17:7  warning  'clerkTheme' is assigned a value but never used  @typescript-eslint/no-unused-vars

C:\Users\jhaga\OneDrive\Desktop\Final-Project\vidmaxx\app\dashboard\edit\[id]\page.tsx
   2:8   warning  'SeriesForm' is defined but never used             @typescript-eslint/no-unused-vars
  31:11  warning  'handleUpdate' is assigned a value but never used  @typescript-eslint/no-unused-vars

C:\Users\jhaga\OneDrive\Desktop\Final-Project\vidmaxx\app\dashboard\page.tsx
  37:59  error  Unexpected any. Specify a different type  @typescript-eslint/no-explicit-any

C:\Users\jhaga\OneDrive\Desktop\Final-Project\vidmaxx\app\dashboard\setting\_components\SettingsClient.tsx
  93:13  error  Error: This value cannot be modified

Modifying a variable defined outside a component or hook is not allowed. Consider using an effect.

C:\Users\jhaga\OneDrive\Desktop\Final-Project\vidmaxx\app\dashboard\setting\_components\SettingsClient.tsx:93:13
  91 |         if (platform.id === "youtube" || platform.id === "instagram") {
  92 |             // Direct to real OAuth flow
> 93 |             window.location.href = platform.docUrl;
     |             ^^^^^^^^^^^^^^^ value cannot be modified
  94 |             return;
  95 |         }
  96 |         setSelectedPlatform(platform);  react-hooks/immutability

C:\Users\jhaga\OneDrive\Desktop\Final-Project\vidmaxx\app\page.tsx
   24:8   warning  'LandingNavbar' is defined but never used                        @typescript-eslint/no-unused-vars
  387:24  error    `'` can be escaped with `&apos;`, `&lsquo;`, `&#39;`, `&rsquo;`  react/no-unescaped-entities

C:\Users\jhaga\OneDrive\Desktop\Final-Project\vidmaxx\inngest\functions.ts
     2:10  warning  'getSeriesById' is defined but never used  @typescript-eslint/no-unused-vars
     4:10  warning  'AssemblyAI' is defined but never used     @typescript-eslint/no-unused-vars
     5:8   warning  'Replicate' is defined but never used      @typescript-eslint/no-unused-vars
     6:50  warning  'presignUrl' is defined but never used     @typescript-eslint/no-unused-vars
   396:80  error    Unexpected any. Specify a different type   @typescript-eslint/no-explicit-any
   468:63  error    Unexpected any. Specify a different type   @typescript-eslint/no-explicit-any
   470:47  error    Unexpected any. Specify a different type   @typescript-eslint/no-explicit-any
   471:59  error    Unexpected any. Specify a different type   @typescript-eslint/no-explicit-any
   524:29  error    Unexpected any. Specify a different type   @typescript-eslint/no-explicit-any
   728:38  error    Unexpected any. Specify a different type   @typescript-eslint/no-explicit-any
  1000:39  error    Unexpected any. Specify a different type   @typescript-eslint/no-explicit-any
  1046:78  warning  'seriesId' is defined but never used       @typescript-eslint/no-unused-vars

C:\Users\jhaga\OneDrive\Desktop\Final-Project\vidmaxx\temp-deploy.mjs
  24:27  warning  'siteName' is assigned a value but never used  @typescript-eslint/no-unused-vars

C:\Users\jhaga\OneDrive\Desktop\Final-Project\vidmaxx\test_fonada.mjs
  2:8  warning  'fs' is defined but never used  @typescript-eslint/no-unused-vars

C:\Users\jhaga\OneDrive\Desktop\Final-Project\vidmaxx\test_tts.mjs
  2:8  warning  'fs' is defined but never used  @typescript-eslint/no-unused-vars

✖ 78 problems (56 errors, 22 warnings)
  5 errors and 0 warnings potentially fixable with the `--fix` option.

